{
  "RSpec": {
    "coverage": {
      "/Users/Katie/Documents/school/gems/grammar/lib/grammar.rb": [
        1,
        null,
        1,
        7,
        5,
        null,
        5,
        5,
        10,
        10,
        null,
        null,
        5,
        5,
        null,
        2,
        1,
        null,
        null,
        1,
        null,
        null,
        null,
        1,
        4,
        1,
        3,
        1,
        null,
        2,
        2,
        null,
        null,
        null,
        1,
        3,
        null,
        null,
        null
      ]
    },
    "timestamp": 1411148475
  }
}
